User [31mdisconnected[39m : [34mGQnipspeq2Psz5yFAAAD[39m
Error: SocketError: Disconnect: No such user found
    at Socket.<anonymous> (/home/pacifire/Programs/Web/FullStack/chat-ocean/api/socket/socketEvents.js:79:34)
    at runMicrotasks (<anonymous>)
    at processTicksAndRejections (node:internal/process/task_queues:96:5)
User [32mconnected[39m : [34mBW1Oe00s5X9iQnaiAAAF[39m
User [31mdisconnected[39m : [34mBW1Oe00s5X9iQnaiAAAF[39m
Error: SocketError: Disconnect: No such user found
    at Socket.<anonymous> (/home/pacifire/Programs/Web/FullStack/chat-ocean/api/socket/socketEvents.js:79:34)
    at runMicrotasks (<anonymous>)
    at processTicksAndRejections (node:internal/process/task_queues:96:5)
User [32mconnected[39m : [34mfTmSgmPhuLVdz0IpAAAH[39m
User [31mdisconnected[39m : [34mfTmSgmPhuLVdz0IpAAAH[39m
Error: SocketError: Disconnect: No such user found
    at Socket.<anonymous> (/home/pacifire/Programs/Web/FullStack/chat-ocean/api/socket/socketEvents.js:79:34)
    at runMicrotasks (<anonymous>)
    at processTicksAndRejections (node:internal/process/task_queues:96:5)
User [32mconnected[39m : [34mgQ-U_z-JiB-FiWvUAAAJ[39m
User [31mdisconnected[39m : [34mgQ-U_z-JiB-FiWvUAAAJ[39m
Error: SocketError: Disconnect: No such user found
    at Socket.<anonymous> (/home/pacifire/Programs/Web/FullStack/chat-ocean/api/socket/socketEvents.js:79:34)
    at runMicrotasks (<anonymous>)
    at processTicksAndRejections (node:internal/process/task_queues:96:5)
User [32mconnected[39m : [34mLGapZ4WPcTBqVKugAAAL[39m
User [31mdisconnected[39m : [34mpXa0aL2KAVdF4HHuAAAB[39m
Error: SocketError: Disconnect: No such user found
    at Socket.<anonymous> (/home/pacifire/Programs/Web/FullStack/chat-ocean/api/socket/socketEvents.js:79:34)
    at runMicrotasks (<anonymous>)
    at processTicksAndRejections (node:internal/process/task_queues:96:5)
User [32mconnected[39m : [34mrLzWHBdiIXbkirUEAAAN[39m
User [31mdisconnected[39m : [34mrLzWHBdiIXbkirUEAAAN[39m
User [32mconnected[39m : [34mVbZqOM0spNgE2AlSAAAP[39m
Error: SocketError: Disconnect: No such user found
    at Socket.<anonymous> (/home/pacifire/Programs/Web/FullStack/chat-ocean/api/socket/socketEvents.js:79:34)
    at runMicrotasks (<anonymous>)
    at processTicksAndRejections (node:internal/process/task_queues:96:5)
User [31mdisconnected[39m : [34mVbZqOM0spNgE2AlSAAAP[39m
Error: SocketError: Disconnect: No such user found
    at Socket.<anonymous> (/home/pacifire/Programs/Web/FullStack/chat-ocean/api/socket/socketEvents.js:79:34)
    at runMicrotasks (<anonymous>)
    at processTicksAndRejections (node:internal/process/task_queues:96:5)
User [32mconnected[39m : [34meRfWFfyRsk44qUdxAAAR[39m
User [31mdisconnected[39m : [34mLGapZ4WPcTBqVKugAAAL[39m
Error: SocketError: Disconnect: No such user found
    at Socket.<anonymous> (/home/pacifire/Programs/Web/FullStack/chat-ocean/api/socket/socketEvents.js:79:34)
    at runMicrotasks (<anonymous>)
    at processTicksAndRejections (node:internal/process/task_queues:96:5)
User [32mconnected[39m : [34miN2G8m7Vm3M64BBzAAAT[39m
User [31mdisconnected[39m : [34miN2G8m7Vm3M64BBzAAAT[39m
Error: SocketError: Disconnect: No such user found
    at Socket.<anonymous> (/home/pacifire/Programs/Web/FullStack/chat-ocean/api/socket/socketEvents.js:79:34)
    at runMicrotasks (<anonymous>)
    at processTicksAndRejections (node:internal/process/task_queues:96:5)
User [32mconnected[39m : [34m47ezImosee63JKSAAAAV[39m
MongooseServerSelectionError: Could not connect to any servers in your MongoDB Atlas cluster. One common reason is that you're trying to access the database from an IP that isn't whitelisted. Make sure your current IP address is on your Atlas cluster's IP whitelist: https://docs.atlas.mongodb.com/security-whitelist/
    at Function.Model.$wrapCallback (/home/pacifire/Programs/Web/FullStack/chat-ocean/api/node_modules/mongoose/lib/model.js:5286:32)
    at /home/pacifire/Programs/Web/FullStack/chat-ocean/api/node_modules/mongoose/lib/query.js:4930:21
    at /home/pacifire/Programs/Web/FullStack/chat-ocean/api/node_modules/mongoose/lib/helpers/promiseOrCallback.js:41:5
    at new Promise (<anonymous>)
    at promiseOrCallback (/home/pacifire/Programs/Web/FullStack/chat-ocean/api/node_modules/mongoose/lib/helpers/promiseOrCallback.js:40:10)
    at model.Query.exec (/home/pacifire/Programs/Web/FullStack/chat-ocean/api/node_modules/mongoose/lib/query.js:4929:10)
    at model.Query.Query.then (/home/pacifire/Programs/Web/FullStack/chat-ocean/api/node_modules/mongoose/lib/query.js:5012:15)
    at runMicrotasks (<anonymous>)
    at processTicksAndRejections (node:internal/process/task_queues:96:5) {
  reason: TopologyDescription {
    type: 'ReplicaSetNoPrimary',
    servers: Map(3) {
      'cluster0-shard-00-00.nswwf.mongodb.net:27017' => [ServerDescription],
      'cluster0-shard-00-01.nswwf.mongodb.net:27017' => [ServerDescription],
      'cluster0-shard-00-02.nswwf.mongodb.net:27017' => [ServerDescription]
    },
    stale: false,
    compatible: true,
    heartbeatFrequencyMS: 10000,
    localThresholdMS: 15,
    setName: 'atlas-nygelf-shard-0',
    maxElectionId: new ObjectId("7fffffff0000000000000118"),
    maxSetVersion: 7,
    commonWireVersion: 0,
    logicalSessionTimeoutMinutes: null
  },
  code: undefined
}
MongooseServerSelectionError: Could not connect to any servers in your MongoDB Atlas cluster. One common reason is that you're trying to access the database from an IP that isn't whitelisted. Make sure your current IP address is on your Atlas cluster's IP whitelist: https://docs.atlas.mongodb.com/security-whitelist/
    at Function.Model.$wrapCallback (/home/pacifire/Programs/Web/FullStack/chat-ocean/api/node_modules/mongoose/lib/model.js:5286:32)
    at /home/pacifire/Programs/Web/FullStack/chat-ocean/api/node_modules/mongoose/lib/query.js:4930:21
    at /home/pacifire/Programs/Web/FullStack/chat-ocean/api/node_modules/mongoose/lib/helpers/promiseOrCallback.js:41:5
    at new Promise (<anonymous>)
    at promiseOrCallback (/home/pacifire/Programs/Web/FullStack/chat-ocean/api/node_modules/mongoose/lib/helpers/promiseOrCallback.js:40:10)
    at model.Query.exec (/home/pacifire/Programs/Web/FullStack/chat-ocean/api/node_modules/mongoose/lib/query.js:4929:10)
    at model.Query.Query.then (/home/pacifire/Programs/Web/FullStack/chat-ocean/api/node_modules/mongoose/lib/query.js:5012:15)
    at runMicrotasks (<anonymous>)
    at processTicksAndRejections (node:internal/process/task_queues:96:5) {
  reason: TopologyDescription {
    type: 'ReplicaSetNoPrimary',
    servers: Map(3) {
      'cluster0-shard-00-00.nswwf.mongodb.net:27017' => [ServerDescription],
      'cluster0-shard-00-01.nswwf.mongodb.net:27017' => [ServerDescription],
      'cluster0-shard-00-02.nswwf.mongodb.net:27017' => [ServerDescription]
    },
    stale: false,
    compatible: true,
    heartbeatFrequencyMS: 10000,
    localThresholdMS: 15,
    setName: 'atlas-nygelf-shard-0',
    maxElectionId: new ObjectId("7fffffff0000000000000118"),
    maxSetVersion: 7,
    commonWireVersion: 0,
    logicalSessionTimeoutMinutes: null
  },
  code: undefined
}
MongooseServerSelectionError: Could not connect to any servers in your MongoDB Atlas cluster. One common reason is that you're trying to access the database from an IP that isn't whitelisted. Make sure your current IP address is on your Atlas cluster's IP whitelist: https://docs.atlas.mongodb.com/security-whitelist/
    at Function.Model.$wrapCallback (/home/pacifire/Programs/Web/FullStack/chat-ocean/api/node_modules/mongoose/lib/model.js:5286:32)
    at /home/pacifire/Programs/Web/FullStack/chat-ocean/api/node_modules/mongoose/lib/query.js:4930:21
    at /home/pacifire/Programs/Web/FullStack/chat-ocean/api/node_modules/mongoose/lib/helpers/promiseOrCallback.js:41:5
    at new Promise (<anonymous>)
    at promiseOrCallback (/home/pacifire/Programs/Web/FullStack/chat-ocean/api/node_modules/mongoose/lib/helpers/promiseOrCallback.js:40:10)
    at model.Query.exec (/home/pacifire/Programs/Web/FullStack/chat-ocean/api/node_modules/mongoose/lib/query.js:4929:10)
    at model.Query.Query.then (/home/pacifire/Programs/Web/FullStack/chat-ocean/api/node_modules/mongoose/lib/query.js:5012:15)
    at runMicrotasks (<anonymous>)
    at processTicksAndRejections (node:internal/process/task_queues:96:5) {
  reason: TopologyDescription {
    type: 'ReplicaSetNoPrimary',
    servers: Map(3) {
      'cluster0-shard-00-00.nswwf.mongodb.net:27017' => [ServerDescription],
      'cluster0-shard-00-01.nswwf.mongodb.net:27017' => [ServerDescription],
      'cluster0-shard-00-02.nswwf.mongodb.net:27017' => [ServerDescription]
    },
    stale: false,
    compatible: true,
    heartbeatFrequencyMS: 10000,
    localThresholdMS: 15,
    setName: 'atlas-nygelf-shard-0',
    maxElectionId: new ObjectId("7fffffff0000000000000118"),
    maxSetVersion: 7,
    commonWireVersion: 0,
    logicalSessionTimeoutMinutes: null
  },
  code: undefined
}
MongooseServerSelectionError: Could not connect to any servers in your MongoDB Atlas cluster. One common reason is that you're trying to access the database from an IP that isn't whitelisted. Make sure your current IP address is on your Atlas cluster's IP whitelist: https://docs.atlas.mongodb.com/security-whitelist/
    at Function.Model.$wrapCallback (/home/pacifire/Programs/Web/FullStack/chat-ocean/api/node_modules/mongoose/lib/model.js:5286:32)
    at /home/pacifire/Programs/Web/FullStack/chat-ocean/api/node_modules/mongoose/lib/query.js:4930:21
    at /home/pacifire/Programs/Web/FullStack/chat-ocean/api/node_modules/mongoose/lib/helpers/promiseOrCallback.js:41:5
    at new Promise (<anonymous>)
    at promiseOrCallback (/home/pacifire/Programs/Web/FullStack/chat-ocean/api/node_modules/mongoose/lib/helpers/promiseOrCallback.js:40:10)
    at model.Query.exec (/home/pacifire/Programs/Web/FullStack/chat-ocean/api/node_modules/mongoose/lib/query.js:4929:10)
    at model.Query.Query.then (/home/pacifire/Programs/Web/FullStack/chat-ocean/api/node_modules/mongoose/lib/query.js:5012:15)
    at runMicrotasks (<anonymous>)
    at processTicksAndRejections (node:internal/process/task_queues:96:5) {
  reason: TopologyDescription {
    type: 'ReplicaSetNoPrimary',
    servers: Map(3) {
      'cluster0-shard-00-00.nswwf.mongodb.net:27017' => [ServerDescription],
      'cluster0-shard-00-01.nswwf.mongodb.net:27017' => [ServerDescription],
      'cluster0-shard-00-02.nswwf.mongodb.net:27017' => [ServerDescription]
    },
    stale: false,
    compatible: true,
    heartbeatFrequencyMS: 10000,
    localThresholdMS: 15,
    setName: 'atlas-nygelf-shard-0',
    maxElectionId: new ObjectId("7fffffff0000000000000118"),
    maxSetVersion: 7,
    commonWireVersion: 0,
    logicalSessionTimeoutMinutes: null
  },
  code: undefined
}
MongooseServerSelectionError: Could not connect to any servers in your MongoDB Atlas cluster. One common reason is that you're trying to access the database from an IP that isn't whitelisted. Make sure your current IP address is on your Atlas cluster's IP whitelist: https://docs.atlas.mongodb.com/security-whitelist/
    at Function.Model.$wrapCallback (/home/pacifire/Programs/Web/FullStack/chat-ocean/api/node_modules/mongoose/lib/model.js:5286:32)
    at /home/pacifire/Programs/Web/FullStack/chat-ocean/api/node_modules/mongoose/lib/query.js:4930:21
    at /home/pacifire/Programs/Web/FullStack/chat-ocean/api/node_modules/mongoose/lib/helpers/promiseOrCallback.js:41:5
    at new Promise (<anonymous>)
    at promiseOrCallback (/home/pacifire/Programs/Web/FullStack/chat-ocean/api/node_modules/mongoose/lib/helpers/promiseOrCallback.js:40:10)
    at model.Query.exec (/home/pacifire/Programs/Web/FullStack/chat-ocean/api/node_modules/mongoose/lib/query.js:4929:10)
    at model.Query.Query.then (/home/pacifire/Programs/Web/FullStack/chat-ocean/api/node_modules/mongoose/lib/query.js:5012:15)
    at runMicrotasks (<anonymous>)
    at processTicksAndRejections (node:internal/process/task_queues:96:5) {
  reason: TopologyDescription {
    type: 'ReplicaSetNoPrimary',
    servers: Map(3) {
      'cluster0-shard-00-00.nswwf.mongodb.net:27017' => [ServerDescription],
      'cluster0-shard-00-01.nswwf.mongodb.net:27017' => [ServerDescription],
      'cluster0-shard-00-02.nswwf.mongodb.net:27017' => [ServerDescription]
    },
    stale: false,
    compatible: true,
    heartbeatFrequencyMS: 10000,
    localThresholdMS: 15,
    setName: 'atlas-nygelf-shard-0',
    maxElectionId: new ObjectId("7fffffff0000000000000118"),
    maxSetVersion: 7,
    commonWireVersion: 0,
    logicalSessionTimeoutMinutes: null
  },
  code: undefined
}
MongooseServerSelectionError: Could not connect to any servers in your MongoDB Atlas cluster. One common reason is that you're trying to access the database from an IP that isn't whitelisted. Make sure your current IP address is on your Atlas cluster's IP whitelist: https://docs.atlas.mongodb.com/security-whitelist/
    at Function.Model.$wrapCallback (/home/pacifire/Programs/Web/FullStack/chat-ocean/api/node_modules/mongoose/lib/model.js:5286:32)
    at /home/pacifire/Programs/Web/FullStack/chat-ocean/api/node_modules/mongoose/lib/query.js:4930:21
    at /home/pacifire/Programs/Web/FullStack/chat-ocean/api/node_modules/mongoose/lib/helpers/promiseOrCallback.js:41:5
    at new Promise (<anonymous>)
    at promiseOrCallback (/home/pacifire/Programs/Web/FullStack/chat-ocean/api/node_modules/mongoose/lib/helpers/promiseOrCallback.js:40:10)
    at model.Query.exec (/home/pacifire/Programs/Web/FullStack/chat-ocean/api/node_modules/mongoose/lib/query.js:4929:10)
    at model.Query.Query.then (/home/pacifire/Programs/Web/FullStack/chat-ocean/api/node_modules/mongoose/lib/query.js:5012:15)
    at runMicrotasks (<anonymous>)
    at processTicksAndRejections (node:internal/process/task_queues:96:5) {
  reason: TopologyDescription {
    type: 'ReplicaSetNoPrimary',
    servers: Map(3) {
      'cluster0-shard-00-00.nswwf.mongodb.net:27017' => [ServerDescription],
      'cluster0-shard-00-01.nswwf.mongodb.net:27017' => [ServerDescription],
      'cluster0-shard-00-02.nswwf.mongodb.net:27017' => [ServerDescription]
    },
    stale: false,
    compatible: true,
    heartbeatFrequencyMS: 10000,
    localThresholdMS: 15,
    setName: 'atlas-nygelf-shard-0',
    maxElectionId: new ObjectId("7fffffff0000000000000118"),
    maxSetVersion: 7,
    commonWireVersion: 0,
    logicalSessionTimeoutMinutes: null
  },
  code: undefined
}
MongooseServerSelectionError: Could not connect to any servers in your MongoDB Atlas cluster. One common reason is that you're trying to access the database from an IP that isn't whitelisted. Make sure your current IP address is on your Atlas cluster's IP whitelist: https://docs.atlas.mongodb.com/security-whitelist/
    at Function.Model.$wrapCallback (/home/pacifire/Programs/Web/FullStack/chat-ocean/api/node_modules/mongoose/lib/model.js:5286:32)
    at /home/pacifire/Programs/Web/FullStack/chat-ocean/api/node_modules/mongoose/lib/query.js:4930:21
    at /home/pacifire/Programs/Web/FullStack/chat-ocean/api/node_modules/mongoose/lib/helpers/promiseOrCallback.js:41:5
    at new Promise (<anonymous>)
    at promiseOrCallback (/home/pacifire/Programs/Web/FullStack/chat-ocean/api/node_modules/mongoose/lib/helpers/promiseOrCallback.js:40:10)
    at model.Query.exec (/home/pacifire/Programs/Web/FullStack/chat-ocean/api/node_modules/mongoose/lib/query.js:4929:10)
    at model.Query.Query.then (/home/pacifire/Programs/Web/FullStack/chat-ocean/api/node_modules/mongoose/lib/query.js:5012:15)
    at runMicrotasks (<anonymous>)
    at processTicksAndRejections (node:internal/process/task_queues:96:5) {
  reason: TopologyDescription {
    type: 'ReplicaSetNoPrimary',
    servers: Map(3) {
      'cluster0-shard-00-00.nswwf.mongodb.net:27017' => [ServerDescription],
      'cluster0-shard-00-01.nswwf.mongodb.net:27017' => [ServerDescription],
      'cluster0-shard-00-02.nswwf.mongodb.net:27017' => [ServerDescription]
    },
    stale: false,
    compatible: true,
    heartbeatFrequencyMS: 10000,
    localThresholdMS: 15,
    setName: 'atlas-nygelf-shard-0',
    maxElectionId: new ObjectId("7fffffff0000000000000118"),
    maxSetVersion: 7,
    commonWireVersion: 0,
    logicalSessionTimeoutMinutes: null
  },
  code: undefined
}
MongooseServerSelectionError: Could not connect to any servers in your MongoDB Atlas cluster. One common reason is that you're trying to access the database from an IP that isn't whitelisted. Make sure your current IP address is on your Atlas cluster's IP whitelist: https://docs.atlas.mongodb.com/security-whitelist/
    at Function.Model.$wrapCallback (/home/pacifire/Programs/Web/FullStack/chat-ocean/api/node_modules/mongoose/lib/model.js:5286:32)
    at /home/pacifire/Programs/Web/FullStack/chat-ocean/api/node_modules/mongoose/lib/query.js:4930:21
    at /home/pacifire/Programs/Web/FullStack/chat-ocean/api/node_modules/mongoose/lib/helpers/promiseOrCallback.js:41:5
    at new Promise (<anonymous>)
    at promiseOrCallback (/home/pacifire/Programs/Web/FullStack/chat-ocean/api/node_modules/mongoose/lib/helpers/promiseOrCallback.js:40:10)
    at model.Query.exec (/home/pacifire/Programs/Web/FullStack/chat-ocean/api/node_modules/mongoose/lib/query.js:4929:10)
    at model.Query.Query.then (/home/pacifire/Programs/Web/FullStack/chat-ocean/api/node_modules/mongoose/lib/query.js:5012:15)
    at runMicrotasks (<anonymous>)
    at processTicksAndRejections (node:internal/process/task_queues:96:5) {
  reason: TopologyDescription {
    type: 'ReplicaSetNoPrimary',
    servers: Map(3) {
      'cluster0-shard-00-00.nswwf.mongodb.net:27017' => [ServerDescription],
      'cluster0-shard-00-01.nswwf.mongodb.net:27017' => [ServerDescription],
      'cluster0-shard-00-02.nswwf.mongodb.net:27017' => [ServerDescription]
    },
    stale: false,
    compatible: true,
    heartbeatFrequencyMS: 10000,
    localThresholdMS: 15,
    setName: 'atlas-nygelf-shard-0',
    maxElectionId: new ObjectId("7fffffff0000000000000118"),
    maxSetVersion: 7,
    commonWireVersion: 0,
    logicalSessionTimeoutMinutes: null
  },
  code: undefined
}
User [31mdisconnected[39m : [34m47ezImosee63JKSAAAAV[39m
User [32mconnected[39m : [34mxnkfGYCAm-2qJc9RAAAX[39m
MongooseServerSelectionError: Could not connect to any servers in your MongoDB Atlas cluster. One common reason is that you're trying to access the database from an IP that isn't whitelisted. Make sure your current IP address is on your Atlas cluster's IP whitelist: https://docs.atlas.mongodb.com/security-whitelist/
    at Function.Model.$wrapCallback (/home/pacifire/Programs/Web/FullStack/chat-ocean/api/node_modules/mongoose/lib/model.js:5286:32)
    at /home/pacifire/Programs/Web/FullStack/chat-ocean/api/node_modules/mongoose/lib/query.js:4930:21
    at /home/pacifire/Programs/Web/FullStack/chat-ocean/api/node_modules/mongoose/lib/helpers/promiseOrCallback.js:41:5
    at new Promise (<anonymous>)
    at promiseOrCallback (/home/pacifire/Programs/Web/FullStack/chat-ocean/api/node_modules/mongoose/lib/helpers/promiseOrCallback.js:40:10)
    at model.Query.exec (/home/pacifire/Programs/Web/FullStack/chat-ocean/api/node_modules/mongoose/lib/query.js:4929:10)
    at model.Query.Query.then (/home/pacifire/Programs/Web/FullStack/chat-ocean/api/node_modules/mongoose/lib/query.js:5012:15)
    at runMicrotasks (<anonymous>)
    at processTicksAndRejections (node:internal/process/task_queues:96:5) {
  reason: TopologyDescription {
    type: 'ReplicaSetNoPrimary',
    servers: Map(3) {
      'cluster0-shard-00-00.nswwf.mongodb.net:27017' => [ServerDescription],
      'cluster0-shard-00-01.nswwf.mongodb.net:27017' => [ServerDescription],
      'cluster0-shard-00-02.nswwf.mongodb.net:27017' => [ServerDescription]
    },
    stale: false,
    compatible: true,
    heartbeatFrequencyMS: 10000,
    localThresholdMS: 15,
    setName: 'atlas-nygelf-shard-0',
    maxElectionId: new ObjectId("7fffffff0000000000000118"),
    maxSetVersion: 7,
    commonWireVersion: 0,
    logicalSessionTimeoutMinutes: null
  },
  code: undefined
}
MongooseServerSelectionError: Could not connect to any servers in your MongoDB Atlas cluster. One common reason is that you're trying to access the database from an IP that isn't whitelisted. Make sure your current IP address is on your Atlas cluster's IP whitelist: https://docs.atlas.mongodb.com/security-whitelist/
    at Function.Model.$wrapCallback (/home/pacifire/Programs/Web/FullStack/chat-ocean/api/node_modules/mongoose/lib/model.js:5286:32)
    at /home/pacifire/Programs/Web/FullStack/chat-ocean/api/node_modules/mongoose/lib/query.js:4930:21
    at /home/pacifire/Programs/Web/FullStack/chat-ocean/api/node_modules/mongoose/lib/helpers/promiseOrCallback.js:41:5
    at new Promise (<anonymous>)
    at promiseOrCallback (/home/pacifire/Programs/Web/FullStack/chat-ocean/api/node_modules/mongoose/lib/helpers/promiseOrCallback.js:40:10)
    at model.Query.exec (/home/pacifire/Programs/Web/FullStack/chat-ocean/api/node_modules/mongoose/lib/query.js:4929:10)
    at model.Query.Query.then (/home/pacifire/Programs/Web/FullStack/chat-ocean/api/node_modules/mongoose/lib/query.js:5012:15)
    at runMicrotasks (<anonymous>)
    at processTicksAndRejections (node:internal/process/task_queues:96:5) {
  reason: TopologyDescription {
    type: 'ReplicaSetNoPrimary',
    servers: Map(3) {
      'cluster0-shard-00-00.nswwf.mongodb.net:27017' => [ServerDescription],
      'cluster0-shard-00-01.nswwf.mongodb.net:27017' => [ServerDescription],
      'cluster0-shard-00-02.nswwf.mongodb.net:27017' => [ServerDescription]
    },
    stale: false,
    compatible: true,
    heartbeatFrequencyMS: 10000,
    localThresholdMS: 15,
    setName: 'atlas-nygelf-shard-0',
    maxElectionId: new ObjectId("7fffffff0000000000000118"),
    maxSetVersion: 7,
    commonWireVersion: 0,
    logicalSessionTimeoutMinutes: null
  },
  code: undefined
}
User [31mdisconnected[39m : [34mxnkfGYCAm-2qJc9RAAAX[39m
User [31mdisconnected[39m : [34meRfWFfyRsk44qUdxAAAR[39m
User [32mconnected[39m : [34m-IzZabLjdqsNuwlTAAAa[39m
User [32mconnected[39m : [34mo4-3Uicjk78cHu-IAAAb[39m
MongooseServerSelectionError: Could not connect to any servers in your MongoDB Atlas cluster. One common reason is that you're trying to access the database from an IP that isn't whitelisted. Make sure your current IP address is on your Atlas cluster's IP whitelist: https://docs.atlas.mongodb.com/security-whitelist/
    at Function.Model.$wrapCallback (/home/pacifire/Programs/Web/FullStack/chat-ocean/api/node_modules/mongoose/lib/model.js:5286:32)
    at /home/pacifire/Programs/Web/FullStack/chat-ocean/api/node_modules/mongoose/lib/query.js:4930:21
    at /home/pacifire/Programs/Web/FullStack/chat-ocean/api/node_modules/mongoose/lib/helpers/promiseOrCallback.js:41:5
    at new Promise (<anonymous>)
    at promiseOrCallback (/home/pacifire/Programs/Web/FullStack/chat-ocean/api/node_modules/mongoose/lib/helpers/promiseOrCallback.js:40:10)
    at model.Query.exec (/home/pacifire/Programs/Web/FullStack/chat-ocean/api/node_modules/mongoose/lib/query.js:4929:10)
    at model.Query.Query.then (/home/pacifire/Programs/Web/FullStack/chat-ocean/api/node_modules/mongoose/lib/query.js:5012:15)
    at runMicrotasks (<anonymous>)
    at processTicksAndRejections (node:internal/process/task_queues:96:5) {
  reason: TopologyDescription {
    type: 'ReplicaSetNoPrimary',
    servers: Map(3) {
      'cluster0-shard-00-00.nswwf.mongodb.net:27017' => [ServerDescription],
      'cluster0-shard-00-01.nswwf.mongodb.net:27017' => [ServerDescription],
      'cluster0-shard-00-02.nswwf.mongodb.net:27017' => [ServerDescription]
    },
    stale: false,
    compatible: true,
    heartbeatFrequencyMS: 10000,
    localThresholdMS: 15,
    setName: 'atlas-nygelf-shard-0',
    maxElectionId: new ObjectId("7fffffff0000000000000118"),
    maxSetVersion: 7,
    commonWireVersion: 0,
    logicalSessionTimeoutMinutes: null
  },
  code: undefined
}
MongooseServerSelectionError: Could not connect to any servers in your MongoDB Atlas cluster. One common reason is that you're trying to access the database from an IP that isn't whitelisted. Make sure your current IP address is on your Atlas cluster's IP whitelist: https://docs.atlas.mongodb.com/security-whitelist/
    at Function.Model.$wrapCallback (/home/pacifire/Programs/Web/FullStack/chat-ocean/api/node_modules/mongoose/lib/model.js:5286:32)
    at /home/pacifire/Programs/Web/FullStack/chat-ocean/api/node_modules/mongoose/lib/query.js:4930:21
    at /home/pacifire/Programs/Web/FullStack/chat-ocean/api/node_modules/mongoose/lib/helpers/promiseOrCallback.js:41:5
    at new Promise (<anonymous>)
    at promiseOrCallback (/home/pacifire/Programs/Web/FullStack/chat-ocean/api/node_modules/mongoose/lib/helpers/promiseOrCallback.js:40:10)
    at model.Query.exec (/home/pacifire/Programs/Web/FullStack/chat-ocean/api/node_modules/mongoose/lib/query.js:4929:10)
    at model.Query.Query.then (/home/pacifire/Programs/Web/FullStack/chat-ocean/api/node_modules/mongoose/lib/query.js:5012:15)
    at runMicrotasks (<anonymous>)
    at processTicksAndRejections (node:internal/process/task_queues:96:5) {
  reason: TopologyDescription {
    type: 'ReplicaSetNoPrimary',
    servers: Map(3) {
      'cluster0-shard-00-00.nswwf.mongodb.net:27017' => [ServerDescription],
      'cluster0-shard-00-01.nswwf.mongodb.net:27017' => [ServerDescription],
      'cluster0-shard-00-02.nswwf.mongodb.net:27017' => [ServerDescription]
    },
    stale: false,
    compatible: true,
    heartbeatFrequencyMS: 10000,
    localThresholdMS: 15,
    setName: 'atlas-nygelf-shard-0',
    maxElectionId: new ObjectId("7fffffff0000000000000118"),
    maxSetVersion: 7,
    commonWireVersion: 0,
    logicalSessionTimeoutMinutes: null
  },
  code: undefined
}
MongooseServerSelectionError: Could not connect to any servers in your MongoDB Atlas cluster. One common reason is that you're trying to access the database from an IP that isn't whitelisted. Make sure your current IP address is on your Atlas cluster's IP whitelist: https://docs.atlas.mongodb.com/security-whitelist/
    at Function.Model.$wrapCallback (/home/pacifire/Programs/Web/FullStack/chat-ocean/api/node_modules/mongoose/lib/model.js:5286:32)
    at /home/pacifire/Programs/Web/FullStack/chat-ocean/api/node_modules/mongoose/lib/query.js:4930:21
    at /home/pacifire/Programs/Web/FullStack/chat-ocean/api/node_modules/mongoose/lib/helpers/promiseOrCallback.js:41:5
    at new Promise (<anonymous>)
    at promiseOrCallback (/home/pacifire/Programs/Web/FullStack/chat-ocean/api/node_modules/mongoose/lib/helpers/promiseOrCallback.js:40:10)
    at model.Query.exec (/home/pacifire/Programs/Web/FullStack/chat-ocean/api/node_modules/mongoose/lib/query.js:4929:10)
    at model.Query.Query.then (/home/pacifire/Programs/Web/FullStack/chat-ocean/api/node_modules/mongoose/lib/query.js:5012:15)
    at runMicrotasks (<anonymous>)
    at processTicksAndRejections (node:internal/process/task_queues:96:5) {
  reason: TopologyDescription {
    type: 'ReplicaSetNoPrimary',
    servers: Map(3) {
      'cluster0-shard-00-00.nswwf.mongodb.net:27017' => [ServerDescription],
      'cluster0-shard-00-01.nswwf.mongodb.net:27017' => [ServerDescription],
      'cluster0-shard-00-02.nswwf.mongodb.net:27017' => [ServerDescription]
    },
    stale: false,
    compatible: true,
    heartbeatFrequencyMS: 10000,
    localThresholdMS: 15,
    setName: 'atlas-nygelf-shard-0',
    maxElectionId: new ObjectId("7fffffff0000000000000118"),
    maxSetVersion: 7,
    commonWireVersion: 0,
    logicalSessionTimeoutMinutes: null
  },
  code: undefined
}
MongooseServerSelectionError: Could not connect to any servers in your MongoDB Atlas cluster. One common reason is that you're trying to access the database from an IP that isn't whitelisted. Make sure your current IP address is on your Atlas cluster's IP whitelist: https://docs.atlas.mongodb.com/security-whitelist/
    at Function.Model.$wrapCallback (/home/pacifire/Programs/Web/FullStack/chat-ocean/api/node_modules/mongoose/lib/model.js:5286:32)
    at /home/pacifire/Programs/Web/FullStack/chat-ocean/api/node_modules/mongoose/lib/query.js:4930:21
    at /home/pacifire/Programs/Web/FullStack/chat-ocean/api/node_modules/mongoose/lib/helpers/promiseOrCallback.js:41:5
    at new Promise (<anonymous>)
    at promiseOrCallback (/home/pacifire/Programs/Web/FullStack/chat-ocean/api/node_modules/mongoose/lib/helpers/promiseOrCallback.js:40:10)
    at model.Query.exec (/home/pacifire/Programs/Web/FullStack/chat-ocean/api/node_modules/mongoose/lib/query.js:4929:10)
    at model.Query.Query.then (/home/pacifire/Programs/Web/FullStack/chat-ocean/api/node_modules/mongoose/lib/query.js:5012:15)
    at runMicrotasks (<anonymous>)
    at processTicksAndRejections (node:internal/process/task_queues:96:5) {
  reason: TopologyDescription {
    type: 'ReplicaSetNoPrimary',
    servers: Map(3) {
      'cluster0-shard-00-00.nswwf.mongodb.net:27017' => [ServerDescription],
      'cluster0-shard-00-01.nswwf.mongodb.net:27017' => [ServerDescription],
      'cluster0-shard-00-02.nswwf.mongodb.net:27017' => [ServerDescription]
    },
    stale: false,
    compatible: true,
    heartbeatFrequencyMS: 10000,
    localThresholdMS: 15,
    setName: 'atlas-nygelf-shard-0',
    maxElectionId: new ObjectId("7fffffff0000000000000118"),
    maxSetVersion: 7,
    commonWireVersion: 0,
    logicalSessionTimeoutMinutes: null
  },
  code: undefined
}
User [31mdisconnected[39m : [34m-IzZabLjdqsNuwlTAAAa[39m
User [32mconnected[39m : [34m14_Qls3rj_UFKrY_AAAd[39m
Error: SocketError: Disconnect: No such user found
    at Socket.<anonymous> (/home/pacifire/Programs/Web/FullStack/chat-ocean/api/socket/socketEvents.js:79:34)
    at runMicrotasks (<anonymous>)
    at processTicksAndRejections (node:internal/process/task_queues:96:5)
User [32mconnected[39m : [34mCLujlaL_lgIq3rzlAAAf[39m
User [31mdisconnected[39m : [34mCLujlaL_lgIq3rzlAAAf[39m
User [31mdisconnected[39m : [34mCLujlaL_lgIq3rzlAAAf[39m
Error: SocketError: Disconnect: No such user found
    at Socket.<anonymous> (/home/pacifire/Programs/Web/FullStack/chat-ocean/api/socket/socketEvents.js:79:34)
    at runMicrotasks (<anonymous>)
    at processTicksAndRejections (node:internal/process/task_queues:96:5)
User [32mconnected[39m : [34mASThG7MW1jEW4hR_AAAh[39m
User [31mdisconnected[39m : [34m14_Qls3rj_UFKrY_AAAd[39m
User [31mdisconnected[39m : [34mASThG7MW1jEW4hR_AAAh[39m
Error: SocketError: Disconnect: No such user found
    at Socket.<anonymous> (/home/pacifire/Programs/Web/FullStack/chat-ocean/api/socket/socketEvents.js:79:34)
    at runMicrotasks (<anonymous>)
    at processTicksAndRejections (node:internal/process/task_queues:96:5)
Error: SocketError: Disconnect: No such user found
    at Socket.<anonymous> (/home/pacifire/Programs/Web/FullStack/chat-ocean/api/socket/socketEvents.js:79:34)
    at runMicrotasks (<anonymous>)
    at processTicksAndRejections (node:internal/process/task_queues:96:5)
User [32mconnected[39m : [34mmB1sRsEI1zIw-A5UAAAj[39m
User [31mdisconnected[39m : [34mmB1sRsEI1zIw-A5UAAAj[39m
Error: SocketError: Disconnect: No such user found
    at Socket.<anonymous> (/home/pacifire/Programs/Web/FullStack/chat-ocean/api/socket/socketEvents.js:79:34)
    at runMicrotasks (<anonymous>)
    at processTicksAndRejections (node:internal/process/task_queues:96:5)
User [32mconnected[39m : [34mP74b6ok5wO0k0Xw8AAAl[39m
User [31mdisconnected[39m : [34mP74b6ok5wO0k0Xw8AAAl[39m
Error: SocketError: Disconnect: No such user found
    at Socket.<anonymous> (/home/pacifire/Programs/Web/FullStack/chat-ocean/api/socket/socketEvents.js:79:34)
    at runMicrotasks (<anonymous>)
    at processTicksAndRejections (node:internal/process/task_queues:96:5)
User [32mconnected[39m : [34mDLyeJzdTHYvJun9pAAAn[39m
User [31mdisconnected[39m : [34mDLyeJzdTHYvJun9pAAAn[39m
Error: SocketError: Disconnect: No such user found
    at Socket.<anonymous> (/home/pacifire/Programs/Web/FullStack/chat-ocean/api/socket/socketEvents.js:79:34)
    at runMicrotasks (<anonymous>)
    at processTicksAndRejections (node:internal/process/task_queues:96:5)
User [32mconnected[39m : [34mS7tz3La-55bOGZzmAAAp[39m
User [31mdisconnected[39m : [34mS7tz3La-55bOGZzmAAAp[39m
Error: SocketError: Disconnect: No such user found
    at Socket.<anonymous> (/home/pacifire/Programs/Web/FullStack/chat-ocean/api/socket/socketEvents.js:79:34)
    at runMicrotasks (<anonymous>)
    at processTicksAndRejections (node:internal/process/task_queues:96:5)
User [32mconnected[39m : [34m6t2bTiUjNNIHAIg-AAAr[39m
User [31mdisconnected[39m : [34m6t2bTiUjNNIHAIg-AAAr[39m
Error: SocketError: Disconnect: No such user found
    at Socket.<anonymous> (/home/pacifire/Programs/Web/FullStack/chat-ocean/api/socket/socketEvents.js:79:34)
    at runMicrotasks (<anonymous>)
    at processTicksAndRejections (node:internal/process/task_queues:96:5)
User [32mconnected[39m : [34mN6EeXRSOXkVMXxqQAAAt[39m
User [31mdisconnected[39m : [34mo4-3Uicjk78cHu-IAAAb[39m
Error: SocketError: Disconnect: No such user found
    at Socket.<anonymous> (/home/pacifire/Programs/Web/FullStack/chat-ocean/api/socket/socketEvents.js:79:34)
    at runMicrotasks (<anonymous>)
    at processTicksAndRejections (node:internal/process/task_queues:96:5)
User [32mconnected[39m : [34mapOFjK_R_sCXsSEsAAAv[39m
N6EeXRSOXkVMXxqQAAAt  is online
N6EeXRSOXkVMXxqQAAAt  is online
N6EeXRSOXkVMXxqQAAAt  is online
N6EeXRSOXkVMXxqQAAAt  is online
N6EeXRSOXkVMXxqQAAAt  is online
N6EeXRSOXkVMXxqQAAAt  is online
